<?xml version="1.0" encoding="UTF-8"?>
<testng-results ignored="0" total="1" passed="1" failed="0" skipped="0">
  <reporter-output>
  </reporter-output>
  <suite started-at="2021-07-19T01:27:35 IST" name="Default suite" finished-at="2021-07-19T01:27:35 IST" duration-ms="53">
    <groups>
    </groups>
    <test started-at="2021-07-19T01:27:35 IST" name="Default test" finished-at="2021-07-19T01:27:35 IST" duration-ms="53">
      <class name="org.testNg.TestNgFile">
        <test-method signature="tc1()[pri:0, instance:org.testNg.TestNgFile@e7edb54]" started-at="2021-07-19T01:27:35 IST" name="tc1" finished-at="2021-07-19T01:27:35 IST" duration-ms="8" status="PASS">
          <reporter-output>
          </reporter-output>
        </test-method> <!-- tc1 -->
      </class> <!-- org.testNg.TestNgFile -->
    </test> <!-- Default test -->
  </suite> <!-- Default suite -->
</testng-results>
